2021-07-25 12:13:06.836 [info] <0.44.0> Application lager started on node nonode@nohost
2021-07-25 12:13:06.838 [info] <0.44.0> Application jsx started on node nonode@nohost
2021-07-25 12:13:06.838 [info] <0.44.0> Application recon started on node nonode@nohost
2021-07-25 12:13:06.876 [info] <0.44.0> Application credentials_obfuscation started on node nonode@nohost
2021-07-25 12:13:06.876 [info] <0.44.0> Application rabbit_common started on node nonode@nohost
2021-07-25 12:13:06.880 [info] <0.44.0> Application amqp_client started on node nonode@nohost
2021-07-25 12:13:06.881 [info] <0.44.0> Application alpgrow_mqtt_rabbitmq started on node nonode@nohost
2021-07-25 12:14:40.127 [info] <0.44.0> Application lager started on node nonode@nohost
2021-07-25 12:14:40.128 [info] <0.44.0> Application jsx started on node nonode@nohost
2021-07-25 12:14:40.128 [info] <0.44.0> Application recon started on node nonode@nohost
2021-07-25 12:14:40.168 [info] <0.44.0> Application credentials_obfuscation started on node nonode@nohost
2021-07-25 12:14:40.168 [info] <0.44.0> Application rabbit_common started on node nonode@nohost
2021-07-25 12:14:40.172 [info] <0.44.0> Application amqp_client started on node nonode@nohost
2021-07-25 12:14:40.172 [info] <0.44.0> Application alpgrow_mqtt_rabbitmq started on node nonode@nohost
2021-07-25 12:15:15.335 [info] <0.44.0> Application lager started on node nonode@nohost
2021-07-25 12:15:15.336 [info] <0.44.0> Application jsx started on node nonode@nohost
2021-07-25 12:15:15.336 [info] <0.44.0> Application recon started on node nonode@nohost
2021-07-25 12:15:15.374 [info] <0.44.0> Application credentials_obfuscation started on node nonode@nohost
2021-07-25 12:15:15.374 [info] <0.44.0> Application rabbit_common started on node nonode@nohost
2021-07-25 12:15:15.377 [info] <0.44.0> Application amqp_client started on node nonode@nohost
2021-07-25 12:15:15.377 [info] <0.44.0> Application alpgrow_mqtt_rabbitmq started on node nonode@nohost
2021-07-25 12:16:43.532 [info] <0.44.0> Application lager started on node nonode@nohost
2021-07-25 12:16:43.533 [info] <0.44.0> Application jsx started on node nonode@nohost
2021-07-25 12:16:43.533 [info] <0.44.0> Application recon started on node nonode@nohost
2021-07-25 12:16:43.572 [info] <0.44.0> Application credentials_obfuscation started on node nonode@nohost
2021-07-25 12:16:43.572 [info] <0.44.0> Application rabbit_common started on node nonode@nohost
2021-07-25 12:16:43.576 [info] <0.44.0> Application amqp_client started on node nonode@nohost
2021-07-25 12:16:43.576 [info] <0.44.0> Application alpgrow_mqtt_rabbitmq started on node nonode@nohost
2021-07-25 12:19:25.587 [info] <0.44.0> Application lager started on node nonode@nohost
2021-07-25 12:19:25.588 [info] <0.44.0> Application jsx started on node nonode@nohost
2021-07-25 12:19:25.588 [info] <0.44.0> Application recon started on node nonode@nohost
2021-07-25 12:19:25.628 [info] <0.44.0> Application credentials_obfuscation started on node nonode@nohost
2021-07-25 12:19:25.628 [info] <0.44.0> Application rabbit_common started on node nonode@nohost
2021-07-25 12:19:25.632 [info] <0.44.0> Application amqp_client started on node nonode@nohost
2021-07-25 12:19:25.633 [info] <0.44.0> Application amqp started on node nonode@nohost
2021-07-25 12:19:25.633 [info] <0.44.0> Application alpgrow_mqtt_rabbitmq started on node nonode@nohost
2021-07-25 12:19:42.595 [info] <0.44.0> Application lager started on node nonode@nohost
2021-07-25 12:19:42.597 [info] <0.44.0> Application jsx started on node nonode@nohost
2021-07-25 12:19:42.597 [info] <0.44.0> Application recon started on node nonode@nohost
2021-07-25 12:19:42.635 [info] <0.44.0> Application credentials_obfuscation started on node nonode@nohost
2021-07-25 12:19:42.635 [info] <0.44.0> Application rabbit_common started on node nonode@nohost
2021-07-25 12:19:42.637 [info] <0.44.0> Application amqp_client started on node nonode@nohost
2021-07-25 12:19:42.639 [info] <0.44.0> Application amqp started on node nonode@nohost
2021-07-25 12:19:42.639 [info] <0.44.0> Application alpgrow_mqtt_rabbitmq started on node nonode@nohost
2021-07-25 12:23:36.625 [info] <0.44.0> Application lager started on node nonode@nohost
2021-07-25 12:24:20.258 [info] <0.44.0> Application lager started on node nonode@nohost
2021-07-25 12:24:20.260 [info] <0.44.0> Application jsx started on node nonode@nohost
2021-07-25 12:24:20.260 [info] <0.44.0> Application recon started on node nonode@nohost
2021-07-25 12:24:20.299 [info] <0.44.0> Application credentials_obfuscation started on node nonode@nohost
2021-07-25 12:24:20.299 [info] <0.44.0> Application rabbit_common started on node nonode@nohost
2021-07-25 12:24:20.302 [info] <0.44.0> Application amqp_client started on node nonode@nohost
2021-07-25 12:24:20.303 [info] <0.44.0> Application amqp started on node nonode@nohost
2021-07-25 12:24:20.303 [info] <0.44.0> Application alpgrow_mqtt_rabbitmq started on node nonode@nohost
2021-07-25 14:59:45.225 [error] emulator Error in process <0.22155.2> with exit value:
{function_clause,[{'Elixir.String',slice,[<<"AlpgrowMqttRabbitmq.">>,#{'__struct__' => 'Elixir.Range',first => 0,last => -2}],[{file,"lib/string.ex"},{line,2086}]},{'Elixir.ElixirSense.Core.Source',split_module_and_hint,3,[{file,"lib/elixir_sense/core/source.ex"},{line,44}]},{'Elixir.ElixirSense.Providers.Suggestion.Reducers.TypeSpecs',add_types,5,[{file,"lib/elixir_sense/providers/suggestion/reducers/type_specs.ex"},{line,43}]},{'Elixir.Enumerable.List',reduce,3,[{file,"lib/enum.ex"},{line,4280}]},{'Elixir.Enum',reduce_while,3,[{file,"lib/enum.ex"},{line,2431}]},{'Elixir.ElixirSense.Providers.Suggestion',find,4,[{file,"lib/elixir_sense/providers/suggestion.ex"},{line,112}]},{'Elixir.ElixirLS.LanguageServer.Providers.Completion',completion,4,[{file,"lib/language_server/providers/completion.ex"},{line,137}]},{'Elixir.ElixirLS.LanguageServer.Server','-handle_request_async/2-fun-0-',3,[{file,"lib/language_server/server.ex"},{line,770}]}]}
2021-07-25 15:02:24.277 [error] emulator Error in process <0.22421.2> with exit value:
{function_clause,[{'Elixir.String',slice,[<<"AlpgrowMqttRabbitmq.">>,#{'__struct__' => 'Elixir.Range',first => 0,last => -2}],[{file,"lib/string.ex"},{line,2086}]},{'Elixir.ElixirSense.Core.Source',split_module_and_hint,3,[{file,"lib/elixir_sense/core/source.ex"},{line,44}]},{'Elixir.ElixirSense.Providers.Suggestion.Reducers.TypeSpecs',add_types,5,[{file,"lib/elixir_sense/providers/suggestion/reducers/type_specs.ex"},{line,43}]},{'Elixir.Enumerable.List',reduce,3,[{file,"lib/enum.ex"},{line,4280}]},{'Elixir.Enum',reduce_while,3,[{file,"lib/enum.ex"},{line,2431}]},{'Elixir.ElixirSense.Providers.Suggestion',find,4,[{file,"lib/elixir_sense/providers/suggestion.ex"},{line,112}]},{'Elixir.ElixirLS.LanguageServer.Providers.Completion',completion,4,[{file,"lib/language_server/providers/completion.ex"},{line,137}]},{'Elixir.ElixirLS.LanguageServer.Server','-handle_request_async/2-fun-0-',3,[{file,"lib/language_server/server.ex"},{line,770}]}]}
2021-07-25 15:04:31.750 [info] <0.44.0> Application lager started on node nonode@nohost
2021-07-25 15:04:31.752 [info] <0.44.0> Application jsx started on node nonode@nohost
2021-07-25 15:04:31.752 [info] <0.44.0> Application recon started on node nonode@nohost
2021-07-25 15:04:31.797 [info] <0.44.0> Application credentials_obfuscation started on node nonode@nohost
2021-07-25 15:04:31.797 [info] <0.44.0> Application rabbit_common started on node nonode@nohost
2021-07-25 15:04:31.801 [info] <0.44.0> Application amqp_client started on node nonode@nohost
2021-07-25 15:04:31.803 [info] <0.44.0> Application amqp started on node nonode@nohost
2021-07-25 15:04:31.803 [info] <0.44.0> Application alpgrow_mqtt_rabbitmq started on node nonode@nohost
2021-07-25 15:05:50.587 [info] <0.44.0> Application lager started on node nonode@nohost
2021-07-25 15:05:50.588 [info] <0.44.0> Application jsx started on node nonode@nohost
2021-07-25 15:05:50.588 [info] <0.44.0> Application recon started on node nonode@nohost
2021-07-25 15:05:50.627 [info] <0.44.0> Application credentials_obfuscation started on node nonode@nohost
2021-07-25 15:05:50.627 [info] <0.44.0> Application rabbit_common started on node nonode@nohost
2021-07-25 15:05:50.631 [info] <0.44.0> Application amqp_client started on node nonode@nohost
2021-07-25 15:05:50.632 [info] <0.44.0> Application amqp started on node nonode@nohost
2021-07-25 15:05:50.632 [info] <0.44.0> Application alpgrow_mqtt_rabbitmq started on node nonode@nohost
2021-07-25 15:06:43.816 [info] <0.44.0> Application lager started on node nonode@nohost
2021-07-25 15:06:43.818 [info] <0.44.0> Application jsx started on node nonode@nohost
2021-07-25 15:06:43.818 [info] <0.44.0> Application recon started on node nonode@nohost
2021-07-25 15:06:43.857 [info] <0.44.0> Application credentials_obfuscation started on node nonode@nohost
2021-07-25 15:06:43.857 [info] <0.44.0> Application rabbit_common started on node nonode@nohost
2021-07-25 15:06:43.860 [info] <0.44.0> Application amqp_client started on node nonode@nohost
2021-07-25 15:06:43.861 [info] <0.44.0> Application amqp started on node nonode@nohost
2021-07-25 15:06:43.862 [info] <0.44.0> Application alpgrow_mqtt_rabbitmq started on node nonode@nohost
2021-07-25 15:08:13.197 [info] <0.44.0> Application lager started on node nonode@nohost
2021-07-25 15:08:13.199 [info] <0.44.0> Application jsx started on node nonode@nohost
2021-07-25 15:08:13.199 [info] <0.44.0> Application recon started on node nonode@nohost
2021-07-25 15:08:13.239 [info] <0.44.0> Application credentials_obfuscation started on node nonode@nohost
2021-07-25 15:08:13.239 [info] <0.44.0> Application rabbit_common started on node nonode@nohost
2021-07-25 15:08:13.243 [info] <0.44.0> Application amqp_client started on node nonode@nohost
2021-07-25 15:08:13.244 [info] <0.44.0> Application amqp started on node nonode@nohost
2021-07-25 15:08:13.244 [info] <0.44.0> Application alpgrow_mqtt_rabbitmq started on node nonode@nohost
2021-07-25 15:22:17.855 [info] <0.44.0> Application lager started on node nonode@nohost
2021-07-25 15:22:17.857 [info] <0.44.0> Application jsx started on node nonode@nohost
2021-07-25 15:22:17.857 [info] <0.44.0> Application recon started on node nonode@nohost
2021-07-25 15:22:17.896 [info] <0.44.0> Application credentials_obfuscation started on node nonode@nohost
2021-07-25 15:22:17.896 [info] <0.44.0> Application rabbit_common started on node nonode@nohost
2021-07-25 15:22:17.901 [info] <0.44.0> Application amqp_client started on node nonode@nohost
2021-07-25 15:22:17.902 [info] <0.44.0> Application amqp started on node nonode@nohost
2021-07-25 15:22:17.902 [info] <0.44.0> Application alpgrow_mqtt_rabbitmq started on node nonode@nohost
2021-07-25 15:23:25.084 [info] <0.44.0> Application lager started on node nonode@nohost
2021-07-25 15:23:25.085 [info] <0.44.0> Application jsx started on node nonode@nohost
2021-07-25 15:23:25.085 [info] <0.44.0> Application recon started on node nonode@nohost
2021-07-25 15:23:25.124 [info] <0.44.0> Application credentials_obfuscation started on node nonode@nohost
2021-07-25 15:23:25.124 [info] <0.44.0> Application rabbit_common started on node nonode@nohost
2021-07-25 15:23:25.128 [info] <0.44.0> Application amqp_client started on node nonode@nohost
2021-07-25 15:23:25.130 [info] <0.44.0> Application amqp started on node nonode@nohost
2021-07-25 15:23:25.130 [info] <0.44.0> Application alpgrow_mqtt_rabbitmq started on node nonode@nohost
2021-07-25 15:26:08.034 [info] <0.44.0> Application lager started on node nonode@nohost
2021-07-25 15:26:08.035 [info] <0.44.0> Application jsx started on node nonode@nohost
2021-07-25 15:26:08.035 [info] <0.44.0> Application recon started on node nonode@nohost
2021-07-25 15:26:08.074 [info] <0.44.0> Application credentials_obfuscation started on node nonode@nohost
2021-07-25 15:26:08.074 [info] <0.44.0> Application rabbit_common started on node nonode@nohost
2021-07-25 15:26:08.078 [info] <0.44.0> Application amqp_client started on node nonode@nohost
2021-07-25 15:26:08.079 [info] <0.44.0> Application amqp started on node nonode@nohost
2021-07-25 15:26:08.079 [info] <0.44.0> Application alpgrow_mqtt_rabbitmq started on node nonode@nohost
2021-07-25 15:35:57.900 [info] <0.44.0> Application lager started on node nonode@nohost
2021-07-25 15:35:57.901 [info] <0.44.0> Application jsx started on node nonode@nohost
2021-07-25 15:35:57.901 [info] <0.44.0> Application recon started on node nonode@nohost
2021-07-25 15:35:57.946 [info] <0.44.0> Application credentials_obfuscation started on node nonode@nohost
2021-07-25 15:35:57.946 [info] <0.44.0> Application rabbit_common started on node nonode@nohost
2021-07-25 15:35:57.950 [info] <0.44.0> Application amqp_client started on node nonode@nohost
2021-07-25 15:35:57.951 [info] <0.44.0> Application amqp started on node nonode@nohost
2021-07-25 15:35:57.951 [info] <0.44.0> Application alpgrow_mqtt_rabbitmq started on node nonode@nohost
2021-07-25 15:48:46.733 [warning] <0.300.0> Connection (<0.300.0>) closing: received hard error {'connection.close',320,<<"CONNECTION_FORCED - broker forced connection closure with reason 'shutdown'">>,0,0} from server
2021-07-25 15:48:46.770 [error] <0.303.0> Supervisor {<0.303.0>,amqp_channel_sup_sup} had child channel_sup started with amqp_channel_sup:start_link(network, <0.300.0>, <<"client 127.0.0.1:65111 -> 127.0.0.1:5672">>) at undefined exit with reason shutdown in context shutdown_error
